This file contains any messages produced by compilers while
running configure, to aid debugging if configure makes a mistake.

It was created by Cahd configure 0.0.1, which was
generated by GNU Autoconf 2.69.  Invocation command line was

  $ ./configure 

## --------- ##
## Platform. ##
## --------- ##

hostname = kiwi
uname -m = x86_64
uname -r = 3.16.0-4-amd64
uname -s = Linux
uname -v = #1 SMP Debian 3.16.7-ckt7-1 (2015-03-01)

/usr/bin/uname -p = unknown
/bin/uname -X     = unknown

/bin/arch              = unknown
/usr/bin/arch -k       = unknown
/usr/convex/getsysinfo = unknown
/usr/bin/hostinfo      = unknown
/bin/machine           = unknown
/usr/bin/oslevel       = unknown
/bin/universe          = unknown

PATH: /usr/local/bin
PATH: /usr/bin
PATH: /bin
PATH: /usr/local/games
PATH: /usr/games
PATH: /usr/local/sbin
PATH: /usr/sbin
PATH: /sbin


## ----------- ##
## Core tests. ##
## ----------- ##

configure:2328: checking for a BSD-compatible install
configure:2396: result: /usr/bin/install -c
configure:2407: checking whether build environment is sane
configure:2462: result: yes
configure:2613: checking for a thread-safe mkdir -p
configure:2652: result: /bin/mkdir -p
configure:2659: checking for gawk
configure:2675: found /usr/bin/gawk
configure:2686: result: gawk
configure:2697: checking whether make sets $(MAKE)
configure:2719: result: yes
configure:2748: checking whether make supports nested variables
configure:2765: result: yes
configure:2941: checking for gcc
configure:2957: found /usr/bin/gcc
configure:2968: result: gcc
configure:3197: checking for C compiler version
configure:3206: gcc --version >&5
gcc (Debian 4.9.2-10) 4.9.2
Copyright (C) 2014 Free Software Foundation, Inc.
This is free software; see the source for copying conditions.  There is NO
warranty; not even for MERCHANTABILITY or FITNESS FOR A PARTICULAR PURPOSE.

configure:3217: $? = 0
configure:3206: gcc -v >&5
Using built-in specs.
COLLECT_GCC=gcc
COLLECT_LTO_WRAPPER=/usr/lib/gcc/x86_64-linux-gnu/4.9/lto-wrapper
Target: x86_64-linux-gnu
Configured with: ../src/configure -v --with-pkgversion='Debian 4.9.2-10' --with-bugurl=file:///usr/share/doc/gcc-4.9/README.Bugs --enable-languages=c,c++,java,go,d,fortran,objc,obj-c++ --prefix=/usr --program-suffix=-4.9 --enable-shared --enable-linker-build-id --libexecdir=/usr/lib --without-included-gettext --enable-threads=posix --with-gxx-include-dir=/usr/include/c++/4.9 --libdir=/usr/lib --enable-nls --with-sysroot=/ --enable-clocale=gnu --enable-libstdcxx-debug --enable-libstdcxx-time=yes --enable-gnu-unique-object --disable-vtable-verify --enable-plugin --with-system-zlib --disable-browser-plugin --enable-java-awt=gtk --enable-gtk-cairo --with-java-home=/usr/lib/jvm/java-1.5.0-gcj-4.9-amd64/jre --enable-java-home --with-jvm-root-dir=/usr/lib/jvm/java-1.5.0-gcj-4.9-amd64 --with-jvm-jar-dir=/usr/lib/jvm-exports/java-1.5.0-gcj-4.9-amd64 --with-arch-directory=amd64 --with-ecj-jar=/usr/share/java/eclipse-ecj.jar --enable-objc-gc --enable-multiarch --with-arch-32=i586 --with-abi=m64 --with-multilib-list=m32,m64,mx32 --enable-multilib --with-tune=generic --enable-checking=release --build=x86_64-linux-gnu --host=x86_64-linux-gnu --target=x86_64-linux-gnu
Thread model: posix
gcc version 4.9.2 (Debian 4.9.2-10) 
configure:3217: $? = 0
configure:3206: gcc -V >&5
gcc: error: unrecognized command line option '-V'
gcc: fatal error: no input files
compilation terminated.
configure:3217: $? = 4
configure:3206: gcc -qversion >&5
gcc: error: unrecognized command line option '-qversion'
gcc: fatal error: no input files
compilation terminated.
configure:3217: $? = 4
configure:3237: checking whether the C compiler works
configure:3259: gcc    conftest.c  >&5
configure:3263: $? = 0
configure:3311: result: yes
configure:3314: checking for C compiler default output file name
configure:3316: result: a.out
configure:3322: checking for suffix of executables
configure:3329: gcc -o conftest    conftest.c  >&5
configure:3333: $? = 0
configure:3355: result: 
configure:3377: checking whether we are cross compiling
configure:3385: gcc -o conftest    conftest.c  >&5
configure:3389: $? = 0
configure:3396: ./conftest
configure:3400: $? = 0
configure:3415: result: no
configure:3420: checking for suffix of object files
configure:3442: gcc -c   conftest.c >&5
configure:3446: $? = 0
configure:3467: result: o
configure:3471: checking whether we are using the GNU C compiler
configure:3490: gcc -c   conftest.c >&5
configure:3490: $? = 0
configure:3499: result: yes
configure:3508: checking whether gcc accepts -g
configure:3528: gcc -c -g  conftest.c >&5
configure:3528: $? = 0
configure:3569: result: yes
configure:3586: checking for gcc option to accept ISO C89
configure:3649: gcc  -c -g -O2  conftest.c >&5
configure:3649: $? = 0
configure:3662: result: none needed
configure:3687: checking whether gcc understands -c and -o together
configure:3709: gcc -c conftest.c -o conftest2.o
configure:3712: $? = 0
configure:3709: gcc -c conftest.c -o conftest2.o
configure:3712: $? = 0
configure:3724: result: yes
configure:3752: checking for style of include used by make
configure:3780: result: GNU
configure:3806: checking dependency style of gcc
configure:3917: result: gcc3
configure:3963: checking build system type
configure:3977: result: x86_64-unknown-linux-gnu
configure:3997: checking host system type
configure:4010: result: x86_64-unknown-linux-gnu
configure:4051: checking how to print strings
configure:4078: result: printf
configure:4099: checking for a sed that does not truncate output
configure:4163: result: /bin/sed
configure:4181: checking for grep that handles long lines and -e
configure:4239: result: /bin/grep
configure:4244: checking for egrep
configure:4306: result: /bin/grep -E
configure:4311: checking for fgrep
configure:4373: result: /bin/grep -F
configure:4408: checking for ld used by gcc
configure:4475: result: /usr/bin/ld
configure:4482: checking if the linker (/usr/bin/ld) is GNU ld
configure:4497: result: yes
configure:4509: checking for BSD- or MS-compatible name lister (nm)
configure:4558: result: /usr/bin/nm -B
configure:4688: checking the name lister (/usr/bin/nm -B) interface
configure:4695: gcc -c -g -O2  conftest.c >&5
configure:4698: /usr/bin/nm -B "conftest.o"
configure:4701: output
0000000000000000 B some_variable
configure:4708: result: BSD nm
configure:4711: checking whether ln -s works
configure:4715: result: yes
configure:4723: checking the maximum length of command line arguments
configure:4854: result: 1572864
configure:4871: checking whether the shell understands some XSI constructs
configure:4881: result: yes
configure:4885: checking whether the shell understands "+="
configure:4891: result: yes
configure:4926: checking how to convert x86_64-unknown-linux-gnu file names to x86_64-unknown-linux-gnu format
configure:4966: result: func_convert_file_noop
configure:4973: checking how to convert x86_64-unknown-linux-gnu file names to toolchain format
configure:4993: result: func_convert_file_noop
configure:5000: checking for /usr/bin/ld option to reload object files
configure:5007: result: -r
configure:5081: checking for objdump
configure:5097: found /usr/bin/objdump
configure:5108: result: objdump
configure:5140: checking how to recognize dependent libraries
configure:5338: result: pass_all
configure:5423: checking for dlltool
configure:5453: result: no
configure:5483: checking how to associate runtime and link libraries
configure:5510: result: printf %s\n
configure:5571: checking for ar
configure:5587: found /usr/bin/ar
configure:5598: result: ar
configure:5635: checking for archiver @FILE support
configure:5652: gcc -c -g -O2  conftest.c >&5
configure:5652: $? = 0
configure:5655: ar cru libconftest.a @conftest.lst >&5
configure:5658: $? = 0
configure:5663: ar cru libconftest.a @conftest.lst >&5
ar: conftest.o: No such file or directory
configure:5666: $? = 1
configure:5678: result: @
configure:5736: checking for strip
configure:5752: found /usr/bin/strip
configure:5763: result: strip
configure:5835: checking for ranlib
configure:5851: found /usr/bin/ranlib
configure:5862: result: ranlib
configure:5964: checking command to parse /usr/bin/nm -B output from gcc object
configure:6084: gcc -c -g -O2  conftest.c >&5
configure:6087: $? = 0
configure:6091: /usr/bin/nm -B conftest.o \| sed -n -e 's/^.*[ ]\([ABCDGIRSTW][ABCDGIRSTW]*\)[ ][ ]*\([_A-Za-z][_A-Za-z0-9]*\)$/\1 \2 \2/p' | sed '/ __gnu_lto/d' \> conftest.nm
configure:6094: $? = 0
configure:6160: gcc -o conftest -g -O2   conftest.c conftstm.o >&5
configure:6163: $? = 0
configure:6201: result: ok
configure:6238: checking for sysroot
configure:6268: result: no
configure:6345: gcc -c -g -O2  conftest.c >&5
configure:6348: $? = 0
configure:6537: checking for mt
configure:6553: found /bin/mt
configure:6564: result: mt
configure:6587: checking if mt is a manifest tool
configure:6593: mt '-?'
configure:6601: result: no
configure:7243: checking how to run the C preprocessor
configure:7274: gcc -E  conftest.c
configure:7274: $? = 0
configure:7288: gcc -E  conftest.c
conftest.c:11:28: fatal error: ac_nonexistent.h: No such file or directory
 #include <ac_nonexistent.h>
                            ^
compilation terminated.
configure:7288: $? = 1
configure: failed program was:
| /* confdefs.h */
| #define PACKAGE_NAME "Cahd"
| #define PACKAGE_TARNAME "cahd"
| #define PACKAGE_VERSION "0.0.1"
| #define PACKAGE_STRING "Cahd 0.0.1"
| #define PACKAGE_BUGREPORT "elbert@t-matix.nl"
| #define PACKAGE_URL ""
| #define PACKAGE "cahd"
| #define VERSION "0.0.1"
| /* end confdefs.h.  */
| #include <ac_nonexistent.h>
configure:7313: result: gcc -E
configure:7333: gcc -E  conftest.c
configure:7333: $? = 0
configure:7347: gcc -E  conftest.c
conftest.c:11:28: fatal error: ac_nonexistent.h: No such file or directory
 #include <ac_nonexistent.h>
                            ^
compilation terminated.
configure:7347: $? = 1
configure: failed program was:
| /* confdefs.h */
| #define PACKAGE_NAME "Cahd"
| #define PACKAGE_TARNAME "cahd"
| #define PACKAGE_VERSION "0.0.1"
| #define PACKAGE_STRING "Cahd 0.0.1"
| #define PACKAGE_BUGREPORT "elbert@t-matix.nl"
| #define PACKAGE_URL ""
| #define PACKAGE "cahd"
| #define VERSION "0.0.1"
| /* end confdefs.h.  */
| #include <ac_nonexistent.h>
configure:7376: checking for ANSI C header files
configure:7396: gcc -c -g -O2  conftest.c >&5
configure:7396: $? = 0
configure:7469: gcc -o conftest -g -O2   conftest.c  >&5
configure:7469: $? = 0
configure:7469: ./conftest
configure:7469: $? = 0
configure:7480: result: yes
configure:7493: checking for sys/types.h
configure:7493: gcc -c -g -O2  conftest.c >&5
configure:7493: $? = 0
configure:7493: result: yes
configure:7493: checking for sys/stat.h
configure:7493: gcc -c -g -O2  conftest.c >&5
configure:7493: $? = 0
configure:7493: result: yes
configure:7493: checking for stdlib.h
configure:7493: gcc -c -g -O2  conftest.c >&5
configure:7493: $? = 0
configure:7493: result: yes
configure:7493: checking for string.h
configure:7493: gcc -c -g -O2  conftest.c >&5
configure:7493: $? = 0
configure:7493: result: yes
configure:7493: checking for memory.h
configure:7493: gcc -c -g -O2  conftest.c >&5
configure:7493: $? = 0
configure:7493: result: yes
configure:7493: checking for strings.h
configure:7493: gcc -c -g -O2  conftest.c >&5
configure:7493: $? = 0
configure:7493: result: yes
configure:7493: checking for inttypes.h
configure:7493: gcc -c -g -O2  conftest.c >&5
configure:7493: $? = 0
configure:7493: result: yes
configure:7493: checking for stdint.h
configure:7493: gcc -c -g -O2  conftest.c >&5
configure:7493: $? = 0
configure:7493: result: yes
configure:7493: checking for unistd.h
configure:7493: gcc -c -g -O2  conftest.c >&5
configure:7493: $? = 0
configure:7493: result: yes
configure:7507: checking for dlfcn.h
configure:7507: gcc -c -g -O2  conftest.c >&5
configure:7507: $? = 0
configure:7507: result: yes
configure:7713: checking for objdir
configure:7728: result: .libs
configure:7995: checking if gcc supports -fno-rtti -fno-exceptions
configure:8013: gcc -c -g -O2  -fno-rtti -fno-exceptions conftest.c >&5
cc1: warning: command line option '-fno-rtti' is valid for C++/ObjC++ but not for C
configure:8017: $? = 0
configure:8030: result: no
configure:8357: checking for gcc option to produce PIC
configure:8364: result: -fPIC -DPIC
configure:8372: checking if gcc PIC flag -fPIC -DPIC works
configure:8390: gcc -c -g -O2  -fPIC -DPIC -DPIC conftest.c >&5
configure:8394: $? = 0
configure:8407: result: yes
configure:8436: checking if gcc static flag -static works
configure:8464: result: yes
configure:8479: checking if gcc supports -c -o file.o
configure:8500: gcc -c -g -O2  -o out/conftest2.o conftest.c >&5
configure:8504: $? = 0
configure:8526: result: yes
configure:8534: checking if gcc supports -c -o file.o
configure:8581: result: yes
configure:8614: checking whether the gcc linker (/usr/bin/ld -m elf_x86_64) supports shared libraries
configure:9771: result: yes
configure:9808: checking whether -lc should be explicitly linked in
configure:9816: gcc -c -g -O2  conftest.c >&5
configure:9819: $? = 0
configure:9834: gcc -shared  -fPIC -DPIC conftest.o  -v -Wl,-soname -Wl,conftest -o conftest 2\>\&1 \| /bin/grep  -lc  \>/dev/null 2\>\&1
configure:9837: $? = 0
configure:9851: result: no
configure:10011: checking dynamic linker characteristics
configure:10511: gcc -o conftest -g -O2   -Wl,-rpath -Wl,/foo conftest.c  >&5
configure:10511: $? = 0
configure:10745: result: GNU/Linux ld.so
configure:10852: checking how to hardcode library paths into programs
configure:10877: result: immediate
configure:11417: checking whether stripping libraries is possible
configure:11422: result: yes
configure:11457: checking if libtool supports shared libraries
configure:11459: result: yes
configure:11462: checking whether to build shared libraries
configure:11483: result: yes
configure:11486: checking whether to build static libraries
configure:11490: result: yes
configure:11613: checking for pkg-config
configure:11631: found /usr/bin/pkg-config
configure:11643: result: /usr/bin/pkg-config
configure:11668: checking pkg-config is at least version 0.16
configure:11671: result: yes
configure:11688: checking for GLIB - version >= 2.20.0
configure:11800: gcc -o conftest -g -O2 -I/usr/include/glib-2.0 -I/usr/lib/x86_64-linux-gnu/glib-2.0/include    conftest.c -lglib-2.0   >&5
configure:11800: $? = 0
configure:11800: ./conftest
configure:11800: $? = 0
configure:11814: result: yes (version 2.42.1)
configure:11910: checking for pkg-config
configure:11941: result: /usr/bin/pkg-config
configure:11962: checking for GTK+ - version >= 3.4.0
configure:12072: gcc -o conftest -g -O2 -pthread -I/usr/include/gtk-3.0 -I/usr/include/at-spi2-atk/2.0 -I/usr/include/at-spi-2.0 -I/usr/include/dbus-1.0 -I/usr/lib/x86_64-linux-gnu/dbus-1.0/include -I/usr/include/gtk-3.0 -I/usr/include/gio-unix-2.0/ -I/usr/include/cairo -I/usr/include/pango-1.0 -I/usr/include/harfbuzz -I/usr/include/pango-1.0 -I/usr/include/atk-1.0 -I/usr/include/cairo -I/usr/include/pixman-1 -I/usr/include/freetype2 -I/usr/include/libpng12 -I/usr/include/gdk-pixbuf-2.0 -I/usr/include/libpng12 -I/usr/include/glib-2.0 -I/usr/lib/x86_64-linux-gnu/glib-2.0/include    conftest.c -lgtk-3 -lgdk-3 -lpangocairo-1.0 -lpango-1.0 -latk-1.0 -lcairo-gobject -lcairo -lgdk_pixbuf-2.0 -lgio-2.0 -lgobject-2.0 -lglib-2.0   >&5
configure:12072: $? = 0
configure:12072: ./conftest
configure:12072: $? = 0
configure:12086: result: yes (version 3.14.5)
configure:12157: checking libintl.h usability
configure:12157: gcc -c -g -O2  conftest.c >&5
configure:12157: $? = 0
configure:12157: result: yes
configure:12157: checking libintl.h presence
configure:12157: gcc -E  conftest.c
configure:12157: $? = 0
configure:12157: result: yes
configure:12157: checking for libintl.h
configure:12157: result: yes
configure:12157: checking locale.h usability
configure:12157: gcc -c -g -O2  conftest.c >&5
configure:12157: $? = 0
configure:12157: result: yes
configure:12157: checking locale.h presence
configure:12157: gcc -E  conftest.c
configure:12157: $? = 0
configure:12157: result: yes
configure:12157: checking for locale.h
configure:12157: result: yes
configure:12157: checking netdb.h usability
configure:12157: gcc -c -g -O2  conftest.c >&5
configure:12157: $? = 0
configure:12157: result: yes
configure:12157: checking netdb.h presence
configure:12157: gcc -E  conftest.c
configure:12157: $? = 0
configure:12157: result: yes
configure:12157: checking for netdb.h
configure:12157: result: yes
configure:12157: checking for stdlib.h
configure:12157: result: yes
configure:12157: checking for string.h
configure:12157: result: yes
configure:12157: checking sys/socket.h usability
configure:12157: gcc -c -g -O2  conftest.c >&5
configure:12157: $? = 0
configure:12157: result: yes
configure:12157: checking sys/socket.h presence
configure:12157: gcc -E  conftest.c
configure:12157: $? = 0
configure:12157: result: yes
configure:12157: checking for sys/socket.h
configure:12157: result: yes
configure:12157: checking sys/time.h usability
configure:12157: gcc -c -g -O2  conftest.c >&5
configure:12157: $? = 0
configure:12157: result: yes
configure:12157: checking sys/time.h presence
configure:12157: gcc -E  conftest.c
configure:12157: $? = 0
configure:12157: result: yes
configure:12157: checking for sys/time.h
configure:12157: result: yes
configure:12157: checking for unistd.h
configure:12157: result: yes
configure:12157: checking fcntl.h usability
configure:12157: gcc -c -g -O2  conftest.c >&5
configure:12157: $? = 0
configure:12157: result: yes
configure:12157: checking fcntl.h presence
configure:12157: gcc -E  conftest.c
configure:12157: $? = 0
configure:12157: result: yes
configure:12157: checking for fcntl.h
configure:12157: result: yes
configure:12169: checking for stdbool.h that conforms to C99
configure:12236: gcc -c -g -O2  conftest.c >&5
configure:12236: $? = 0
configure:12243: result: yes
configure:12245: checking for _Bool
configure:12245: gcc -c -g -O2  conftest.c >&5
configure:12245: $? = 0
configure:12245: gcc -c -g -O2  conftest.c >&5
conftest.c: In function 'main':
conftest.c:68:20: error: expected expression before ')' token
 if (sizeof ((_Bool)))
                    ^
configure:12245: $? = 1
configure: failed program was:
| /* confdefs.h */
| #define PACKAGE_NAME "Cahd"
| #define PACKAGE_TARNAME "cahd"
| #define PACKAGE_VERSION "0.0.1"
| #define PACKAGE_STRING "Cahd 0.0.1"
| #define PACKAGE_BUGREPORT "elbert@t-matix.nl"
| #define PACKAGE_URL ""
| #define PACKAGE "cahd"
| #define VERSION "0.0.1"
| #define STDC_HEADERS 1
| #define HAVE_SYS_TYPES_H 1
| #define HAVE_SYS_STAT_H 1
| #define HAVE_STDLIB_H 1
| #define HAVE_STRING_H 1
| #define HAVE_MEMORY_H 1
| #define HAVE_STRINGS_H 1
| #define HAVE_INTTYPES_H 1
| #define HAVE_STDINT_H 1
| #define HAVE_UNISTD_H 1
| #define HAVE_DLFCN_H 1
| #define LT_OBJDIR ".libs/"
| #define HAVE_LIBINTL_H 1
| #define HAVE_LOCALE_H 1
| #define HAVE_NETDB_H 1
| #define HAVE_STDLIB_H 1
| #define HAVE_STRING_H 1
| #define HAVE_SYS_SOCKET_H 1
| #define HAVE_SYS_TIME_H 1
| #define HAVE_UNISTD_H 1
| #define HAVE_FCNTL_H 1
| /* end confdefs.h.  */
| #include <stdio.h>
| #ifdef HAVE_SYS_TYPES_H
| # include <sys/types.h>
| #endif
| #ifdef HAVE_SYS_STAT_H
| # include <sys/stat.h>
| #endif
| #ifdef STDC_HEADERS
| # include <stdlib.h>
| # include <stddef.h>
| #else
| # ifdef HAVE_STDLIB_H
| #  include <stdlib.h>
| # endif
| #endif
| #ifdef HAVE_STRING_H
| # if !defined STDC_HEADERS && defined HAVE_MEMORY_H
| #  include <memory.h>
| # endif
| # include <string.h>
| #endif
| #ifdef HAVE_STRINGS_H
| # include <strings.h>
| #endif
| #ifdef HAVE_INTTYPES_H
| # include <inttypes.h>
| #endif
| #ifdef HAVE_STDINT_H
| # include <stdint.h>
| #endif
| #ifdef HAVE_UNISTD_H
| # include <unistd.h>
| #endif
| int
| main ()
| {
| if (sizeof ((_Bool)))
| 	    return 0;
|   ;
|   return 0;
| }
configure:12245: result: yes
configure:12262: checking for an ANSI C-conforming const
configure:12328: gcc -c -g -O2  conftest.c >&5
configure:12328: $? = 0
configure:12335: result: yes
configure:12343: checking for inline
configure:12359: gcc -c -g -O2  conftest.c >&5
configure:12359: $? = 0
configure:12367: result: inline
configure:12385: checking for size_t
configure:12385: gcc -c -g -O2  conftest.c >&5
configure:12385: $? = 0
configure:12385: gcc -c -g -O2  conftest.c >&5
conftest.c: In function 'main':
conftest.c:70:21: error: expected expression before ')' token
 if (sizeof ((size_t)))
                     ^
configure:12385: $? = 1
configure: failed program was:
| /* confdefs.h */
| #define PACKAGE_NAME "Cahd"
| #define PACKAGE_TARNAME "cahd"
| #define PACKAGE_VERSION "0.0.1"
| #define PACKAGE_STRING "Cahd 0.0.1"
| #define PACKAGE_BUGREPORT "elbert@t-matix.nl"
| #define PACKAGE_URL ""
| #define PACKAGE "cahd"
| #define VERSION "0.0.1"
| #define STDC_HEADERS 1
| #define HAVE_SYS_TYPES_H 1
| #define HAVE_SYS_STAT_H 1
| #define HAVE_STDLIB_H 1
| #define HAVE_STRING_H 1
| #define HAVE_MEMORY_H 1
| #define HAVE_STRINGS_H 1
| #define HAVE_INTTYPES_H 1
| #define HAVE_STDINT_H 1
| #define HAVE_UNISTD_H 1
| #define HAVE_DLFCN_H 1
| #define LT_OBJDIR ".libs/"
| #define HAVE_LIBINTL_H 1
| #define HAVE_LOCALE_H 1
| #define HAVE_NETDB_H 1
| #define HAVE_STDLIB_H 1
| #define HAVE_STRING_H 1
| #define HAVE_SYS_SOCKET_H 1
| #define HAVE_SYS_TIME_H 1
| #define HAVE_UNISTD_H 1
| #define HAVE_FCNTL_H 1
| #define HAVE__BOOL 1
| #define HAVE_STDBOOL_H 1
| /* end confdefs.h.  */
| #include <stdio.h>
| #ifdef HAVE_SYS_TYPES_H
| # include <sys/types.h>
| #endif
| #ifdef HAVE_SYS_STAT_H
| # include <sys/stat.h>
| #endif
| #ifdef STDC_HEADERS
| # include <stdlib.h>
| # include <stddef.h>
| #else
| # ifdef HAVE_STDLIB_H
| #  include <stdlib.h>
| # endif
| #endif
| #ifdef HAVE_STRING_H
| # if !defined STDC_HEADERS && defined HAVE_MEMORY_H
| #  include <memory.h>
| # endif
| # include <string.h>
| #endif
| #ifdef HAVE_STRINGS_H
| # include <strings.h>
| #endif
| #ifdef HAVE_INTTYPES_H
| # include <inttypes.h>
| #endif
| #ifdef HAVE_STDINT_H
| # include <stdint.h>
| #endif
| #ifdef HAVE_UNISTD_H
| # include <unistd.h>
| #endif
| int
| main ()
| {
| if (sizeof ((size_t)))
| 	    return 0;
|   ;
|   return 0;
| }
configure:12385: result: yes
configure:12546: checking that generated files are newer than configure
configure:12552: result: done
configure:12575: creating ./config.status

## ---------------------- ##
## Running config.status. ##
## ---------------------- ##

This file was extended by Cahd config.status 0.0.1, which was
generated by GNU Autoconf 2.69.  Invocation command line was

  CONFIG_FILES    = 
  CONFIG_HEADERS  = 
  CONFIG_LINKS    = 
  CONFIG_COMMANDS = 
  $ ./config.status 

on kiwi

config.status:1026: creating Makefile
config.status:1026: creating src/Makefile
config.status:1198: executing depfiles commands
config.status:1198: executing libtool commands

## ---------------- ##
## Cache variables. ##
## ---------------- ##

ac_cv_build=x86_64-unknown-linux-gnu
ac_cv_c_compiler_gnu=yes
ac_cv_c_const=yes
ac_cv_c_inline=inline
ac_cv_env_CC_set=
ac_cv_env_CC_value=
ac_cv_env_CFLAGS_set=
ac_cv_env_CFLAGS_value=
ac_cv_env_CPPFLAGS_set=
ac_cv_env_CPPFLAGS_value=
ac_cv_env_CPP_set=
ac_cv_env_CPP_value=
ac_cv_env_LDFLAGS_set=
ac_cv_env_LDFLAGS_value=
ac_cv_env_LIBS_set=
ac_cv_env_LIBS_value=
ac_cv_env_PKG_CONFIG_LIBDIR_set=
ac_cv_env_PKG_CONFIG_LIBDIR_value=
ac_cv_env_PKG_CONFIG_PATH_set=
ac_cv_env_PKG_CONFIG_PATH_value=
ac_cv_env_PKG_CONFIG_set=
ac_cv_env_PKG_CONFIG_value=
ac_cv_env_build_alias_set=
ac_cv_env_build_alias_value=
ac_cv_env_host_alias_set=
ac_cv_env_host_alias_value=
ac_cv_env_target_alias_set=
ac_cv_env_target_alias_value=
ac_cv_header_dlfcn_h=yes
ac_cv_header_fcntl_h=yes
ac_cv_header_inttypes_h=yes
ac_cv_header_libintl_h=yes
ac_cv_header_locale_h=yes
ac_cv_header_memory_h=yes
ac_cv_header_netdb_h=yes
ac_cv_header_stdbool_h=yes
ac_cv_header_stdc=yes
ac_cv_header_stdint_h=yes
ac_cv_header_stdlib_h=yes
ac_cv_header_string_h=yes
ac_cv_header_strings_h=yes
ac_cv_header_sys_socket_h=yes
ac_cv_header_sys_stat_h=yes
ac_cv_header_sys_time_h=yes
ac_cv_header_sys_types_h=yes
ac_cv_header_unistd_h=yes
ac_cv_host=x86_64-unknown-linux-gnu
ac_cv_objext=o
ac_cv_path_EGREP='/bin/grep -E'
ac_cv_path_FGREP='/bin/grep -F'
ac_cv_path_GREP=/bin/grep
ac_cv_path_PKG_CONFIG=/usr/bin/pkg-config
ac_cv_path_SED=/bin/sed
ac_cv_path_ac_pt_PKG_CONFIG=/usr/bin/pkg-config
ac_cv_path_install='/usr/bin/install -c'
ac_cv_path_mkdir=/bin/mkdir
ac_cv_prog_AWK=gawk
ac_cv_prog_CPP='gcc -E'
ac_cv_prog_ac_ct_AR=ar
ac_cv_prog_ac_ct_CC=gcc
ac_cv_prog_ac_ct_MANIFEST_TOOL=mt
ac_cv_prog_ac_ct_OBJDUMP=objdump
ac_cv_prog_ac_ct_RANLIB=ranlib
ac_cv_prog_ac_ct_STRIP=strip
ac_cv_prog_cc_c89=
ac_cv_prog_cc_g=yes
ac_cv_prog_make_make_set=yes
ac_cv_type__Bool=yes
ac_cv_type_size_t=yes
am_cv_CC_dependencies_compiler_type=gcc3
am_cv_make_support_nested_variables=yes
am_cv_prog_cc_c_o=yes
lt_cv_ar_at_file=@
lt_cv_archive_cmds_need_lc=no
lt_cv_deplibs_check_method=pass_all
lt_cv_file_magic_cmd='$MAGIC_CMD'
lt_cv_file_magic_test_file=
lt_cv_ld_reload_flag=-r
lt_cv_nm_interface='BSD nm'
lt_cv_objdir=.libs
lt_cv_path_LD=/usr/bin/ld
lt_cv_path_NM='/usr/bin/nm -B'
lt_cv_path_mainfest_tool=no
lt_cv_prog_compiler_c_o=yes
lt_cv_prog_compiler_pic='-fPIC -DPIC'
lt_cv_prog_compiler_pic_works=yes
lt_cv_prog_compiler_rtti_exceptions=no
lt_cv_prog_compiler_static_works=yes
lt_cv_prog_gnu_ld=yes
lt_cv_sharedlib_from_linklib_cmd='printf %s\n'
lt_cv_shlibpath_overrides_runpath=no
lt_cv_sys_global_symbol_pipe='sed -n -e '\''s/^.*[	 ]\([ABCDGIRSTW][ABCDGIRSTW]*\)[	 ][	 ]*\([_A-Za-z][_A-Za-z0-9]*\)$/\1 \2 \2/p'\'' | sed '\''/ __gnu_lto/d'\'''
lt_cv_sys_global_symbol_to_c_name_address='sed -n -e '\''s/^: \([^ ]*\)[ ]*$/  {\"\1\", (void *) 0},/p'\'' -e '\''s/^[ABCDGIRSTW]* \([^ ]*\) \([^ ]*\)$/  {"\2", (void *) \&\2},/p'\'''
lt_cv_sys_global_symbol_to_c_name_address_lib_prefix='sed -n -e '\''s/^: \([^ ]*\)[ ]*$/  {\"\1\", (void *) 0},/p'\'' -e '\''s/^[ABCDGIRSTW]* \([^ ]*\) \(lib[^ ]*\)$/  {"\2", (void *) \&\2},/p'\'' -e '\''s/^[ABCDGIRSTW]* \([^ ]*\) \([^ ]*\)$/  {"lib\2", (void *) \&\2},/p'\'''
lt_cv_sys_global_symbol_to_cdecl='sed -n -e '\''s/^T .* \(.*\)$/extern int \1();/p'\'' -e '\''s/^[ABCDGIRSTW]* .* \(.*\)$/extern char \1;/p'\'''
lt_cv_sys_max_cmd_len=1572864
lt_cv_to_host_file_cmd=func_convert_file_noop
lt_cv_to_tool_file_cmd=func_convert_file_noop

## ----------------- ##
## Output variables. ##
## ----------------- ##

ACLOCAL='${SHELL} /home/elbert/Dropbox/Programming/Cahd/missing aclocal-1.14'
AMDEPBACKSLASH='\'
AMDEP_FALSE='#'
AMDEP_TRUE=''
AMTAR='$${TAR-tar}'
AM_BACKSLASH='\'
AM_DEFAULT_V='$(AM_DEFAULT_VERBOSITY)'
AM_DEFAULT_VERBOSITY='1'
AM_V='$(V)'
AR='ar'
AUTOCONF='${SHELL} /home/elbert/Dropbox/Programming/Cahd/missing autoconf'
AUTOHEADER='${SHELL} /home/elbert/Dropbox/Programming/Cahd/missing autoheader'
AUTOMAKE='${SHELL} /home/elbert/Dropbox/Programming/Cahd/missing automake-1.14'
AWK='gawk'
CC='gcc'
CCDEPMODE='depmode=gcc3'
CFLAGS='-g -O2'
CPP='gcc -E'
CPPFLAGS=''
CYGPATH_W='echo'
DEFS='-DPACKAGE_NAME=\"Cahd\" -DPACKAGE_TARNAME=\"cahd\" -DPACKAGE_VERSION=\"0.0.1\" -DPACKAGE_STRING=\"Cahd\ 0.0.1\" -DPACKAGE_BUGREPORT=\"elbert@t-matix.nl\" -DPACKAGE_URL=\"\" -DPACKAGE=\"cahd\" -DVERSION=\"0.0.1\" -DSTDC_HEADERS=1 -DHAVE_SYS_TYPES_H=1 -DHAVE_SYS_STAT_H=1 -DHAVE_STDLIB_H=1 -DHAVE_STRING_H=1 -DHAVE_MEMORY_H=1 -DHAVE_STRINGS_H=1 -DHAVE_INTTYPES_H=1 -DHAVE_STDINT_H=1 -DHAVE_UNISTD_H=1 -DHAVE_DLFCN_H=1 -DLT_OBJDIR=\".libs/\" -DHAVE_LIBINTL_H=1 -DHAVE_LOCALE_H=1 -DHAVE_NETDB_H=1 -DHAVE_STDLIB_H=1 -DHAVE_STRING_H=1 -DHAVE_SYS_SOCKET_H=1 -DHAVE_SYS_TIME_H=1 -DHAVE_UNISTD_H=1 -DHAVE_FCNTL_H=1 -DHAVE__BOOL=1 -DHAVE_STDBOOL_H=1'
DEPDIR='.deps'
DLLTOOL='false'
DSYMUTIL=''
DUMPBIN=''
ECHO_C=''
ECHO_N='-n'
ECHO_T=''
EGREP='/bin/grep -E'
EXEEXT=''
FGREP='/bin/grep -F'
GLIB_CFLAGS='-I/usr/include/glib-2.0 -I/usr/lib/x86_64-linux-gnu/glib-2.0/include '
GLIB_COMPILE_RESOURCES='/usr/lib/x86_64-linux-gnu/glib-2.0/glib-compile-resources'
GLIB_GENMARSHAL='glib-genmarshal'
GLIB_LIBS='-lglib-2.0 '
GLIB_MKENUMS='glib-mkenums'
GOBJECT_QUERY='gobject-query'
GREP='/bin/grep'
GTK_CFLAGS='-pthread -I/usr/include/gtk-3.0 -I/usr/include/at-spi2-atk/2.0 -I/usr/include/at-spi-2.0 -I/usr/include/dbus-1.0 -I/usr/lib/x86_64-linux-gnu/dbus-1.0/include -I/usr/include/gtk-3.0 -I/usr/include/gio-unix-2.0/ -I/usr/include/cairo -I/usr/include/pango-1.0 -I/usr/include/harfbuzz -I/usr/include/pango-1.0 -I/usr/include/atk-1.0 -I/usr/include/cairo -I/usr/include/pixman-1 -I/usr/include/freetype2 -I/usr/include/libpng12 -I/usr/include/gdk-pixbuf-2.0 -I/usr/include/libpng12 -I/usr/include/glib-2.0 -I/usr/lib/x86_64-linux-gnu/glib-2.0/include '
GTK_LIBS='-lgtk-3 -lgdk-3 -lpangocairo-1.0 -lpango-1.0 -latk-1.0 -lcairo-gobject -lcairo -lgdk_pixbuf-2.0 -lgio-2.0 -lgobject-2.0 -lglib-2.0 '
GUI_CFLAGS=' -I/usr/include/glib-2.0 -I/usr/lib/x86_64-linux-gnu/glib-2.0/include  -pthread -I/usr/include/gtk-3.0 -I/usr/include/at-spi2-atk/2.0 -I/usr/include/at-spi-2.0 -I/usr/include/dbus-1.0 -I/usr/lib/x86_64-linux-gnu/dbus-1.0/include -I/usr/include/gtk-3.0 -I/usr/include/gio-unix-2.0/ -I/usr/include/cairo -I/usr/include/pango-1.0 -I/usr/include/harfbuzz -I/usr/include/pango-1.0 -I/usr/include/atk-1.0 -I/usr/include/cairo -I/usr/include/pixman-1 -I/usr/include/freetype2 -I/usr/include/libpng12 -I/usr/include/gdk-pixbuf-2.0 -I/usr/include/libpng12 -I/usr/include/glib-2.0 -I/usr/lib/x86_64-linux-gnu/glib-2.0/include '
GUI_LIBS=' -lglib-2.0  -lgtk-3 -lgdk-3 -lpangocairo-1.0 -lpango-1.0 -latk-1.0 -lcairo-gobject -lcairo -lgdk_pixbuf-2.0 -lgio-2.0 -lgobject-2.0 -lglib-2.0  -pthread -lm -lz -lrt'
INSTALL_DATA='${INSTALL} -m 644'
INSTALL_PROGRAM='${INSTALL}'
INSTALL_SCRIPT='${INSTALL}'
INSTALL_STRIP_PROGRAM='$(install_sh) -c -s'
LD='/usr/bin/ld -m elf_x86_64'
LDFLAGS=''
LIBOBJS=''
LIBS=''
LIBTOOL='$(SHELL) $(top_builddir)/libtool'
LIPO=''
LN_S='ln -s'
LTLIBOBJS=''
MAKEINFO='${SHELL} /home/elbert/Dropbox/Programming/Cahd/missing makeinfo'
MANIFEST_TOOL=':'
MKDIR_P='/bin/mkdir -p'
NM='/usr/bin/nm -B'
NMEDIT=''
OBJDUMP='objdump'
OBJEXT='o'
OTOOL64=''
OTOOL=''
PACKAGE='cahd'
PACKAGE_BUGREPORT='elbert@t-matix.nl'
PACKAGE_NAME='Cahd'
PACKAGE_STRING='Cahd 0.0.1'
PACKAGE_TARNAME='cahd'
PACKAGE_URL=''
PACKAGE_VERSION='0.0.1'
PATH_SEPARATOR=':'
PKG_CONFIG='/usr/bin/pkg-config'
PKG_CONFIG_LIBDIR=''
PKG_CONFIG_PATH=''
RANLIB='ranlib'
SED='/bin/sed'
SET_MAKE=''
SHELL='/bin/bash'
STRIP='strip'
VERSION='0.0.1'
ac_ct_AR='ar'
ac_ct_CC='gcc'
ac_ct_DUMPBIN=''
am__EXEEXT_FALSE=''
am__EXEEXT_TRUE='#'
am__fastdepCC_FALSE='#'
am__fastdepCC_TRUE=''
am__include='include'
am__isrc=''
am__leading_dot='.'
am__nodep='_no'
am__quote=''
am__tar='$${TAR-tar} chof - "$$tardir"'
am__untar='$${TAR-tar} xf -'
bindir='${exec_prefix}/bin'
build='x86_64-unknown-linux-gnu'
build_alias=''
build_cpu='x86_64'
build_os='linux-gnu'
build_vendor='unknown'
datadir='${datarootdir}'
datarootdir='${prefix}/share'
docdir='${datarootdir}/doc/${PACKAGE_TARNAME}'
dvidir='${docdir}'
exec_prefix='${prefix}'
host='x86_64-unknown-linux-gnu'
host_alias=''
host_cpu='x86_64'
host_os='linux-gnu'
host_vendor='unknown'
htmldir='${docdir}'
includedir='${prefix}/include'
infodir='${datarootdir}/info'
install_sh='${SHELL} /home/elbert/Dropbox/Programming/Cahd/install-sh'
libdir='${exec_prefix}/lib'
libexecdir='${exec_prefix}/libexec'
localedir='${datarootdir}/locale'
localstatedir='${prefix}/var'
mandir='${datarootdir}/man'
mkdir_p='$(MKDIR_P)'
oldincludedir='/usr/include'
pdfdir='${docdir}'
prefix='/usr/local'
program_transform_name='s,x,x,'
psdir='${docdir}'
sbindir='${exec_prefix}/sbin'
sharedstatedir='${prefix}/com'
sysconfdir='${prefix}/etc'
target_alias=''

## ----------- ##
## confdefs.h. ##
## ----------- ##

/* confdefs.h */
#define PACKAGE_NAME "Cahd"
#define PACKAGE_TARNAME "cahd"
#define PACKAGE_VERSION "0.0.1"
#define PACKAGE_STRING "Cahd 0.0.1"
#define PACKAGE_BUGREPORT "elbert@t-matix.nl"
#define PACKAGE_URL ""
#define PACKAGE "cahd"
#define VERSION "0.0.1"
#define STDC_HEADERS 1
#define HAVE_SYS_TYPES_H 1
#define HAVE_SYS_STAT_H 1
#define HAVE_STDLIB_H 1
#define HAVE_STRING_H 1
#define HAVE_MEMORY_H 1
#define HAVE_STRINGS_H 1
#define HAVE_INTTYPES_H 1
#define HAVE_STDINT_H 1
#define HAVE_UNISTD_H 1
#define HAVE_DLFCN_H 1
#define LT_OBJDIR ".libs/"
#define HAVE_LIBINTL_H 1
#define HAVE_LOCALE_H 1
#define HAVE_NETDB_H 1
#define HAVE_STDLIB_H 1
#define HAVE_STRING_H 1
#define HAVE_SYS_SOCKET_H 1
#define HAVE_SYS_TIME_H 1
#define HAVE_UNISTD_H 1
#define HAVE_FCNTL_H 1
#define HAVE__BOOL 1
#define HAVE_STDBOOL_H 1

configure: exit 0
